<?xml version="1.0" encoding="UTF-8" ?>
<testsuites>
  <testsuite errors="0" failures="0" id="0" name="PlayNumbersTest" package="org.lena.noerenberg.tasks.a4" skipped="0" tests="1" time="0.07" xmlns:xsi="http://www.w3.org/2001/XMLSchema-instance" xsi:noNamespaceSchemaLocation="https://maven.apache.org/surefire/maven-surefire-plugin/xsd/surefire-test-report.xsd">
      <properties>
[...]
</properties>

      <testcase classname="org.lena.noerenberg.tasks.a4.PlayNumbersTest" name="test100_sum" time="0.063" />

  </testsuite>
</testsuites>
